D:\文档\学习\大四上 2014-2015秋\软件工程\大作业_POPTA\POPTA2014\POPTA\POPTA\DEBUG\BOMB.OBJ
D:\文档\学习\大四上 2014-2015秋\软件工程\大作业_POPTA\POPTA2014\POPTA\POPTA\DEBUG\GAME.OBJ
D:\文档\学习\大四上 2014-2015秋\软件工程\大作业_POPTA\POPTA2014\POPTA\POPTA\DEBUG\INTERFACE.OBJ
D:\文档\学习\大四上 2014-2015秋\软件工程\大作业_POPTA\POPTA2014\POPTA\POPTA\DEBUG\MAIN.OBJ
D:\文档\学习\大四上 2014-2015秋\软件工程\大作业_POPTA\POPTA2014\POPTA\POPTA\DEBUG\MONSTER.OBJ
D:\文档\学习\大四上 2014-2015秋\软件工程\大作业_POPTA\POPTA2014\POPTA\POPTA\DEBUG\HERO.OBJ
D:\文档\学习\大四上 2014-2015秋\软件工程\大作业_POPTA\POPTA2014\POPTA\POPTA\DEBUG\MAP.OBJ
D:\文档\学习\大四上 2014-2015秋\软件工程\大作业_POPTA\POPTA2014\POPTA\POPTA\DEBUG\VC110.PDB
D:\文档\学习\大四上 2014-2015秋\软件工程\大作业_POPTA\POPTA2014\POPTA\DEBUG\POPTA.ILK
D:\文档\学习\大四上 2014-2015秋\软件工程\大作业_POPTA\POPTA2014\POPTA\DEBUG\POPTA.EXE
D:\文档\学习\大四上 2014-2015秋\软件工程\大作业_POPTA\POPTA2014\POPTA\DEBUG\POPTA.PDB
D:\文档\学习\大四上 2014-2015秋\软件工程\大作业_POPTA\POPTA2014\POPTA\POPTA\Debug\Bomb.obj
D:\文档\学习\大四上 2014-2015秋\软件工程\大作业_POPTA\POPTA2014\POPTA\POPTA\Debug\Game.obj
D:\文档\学习\大四上 2014-2015秋\软件工程\大作业_POPTA\POPTA2014\POPTA\POPTA\Debug\Hero.obj
D:\文档\学习\大四上 2014-2015秋\软件工程\大作业_POPTA\POPTA2014\POPTA\POPTA\Debug\Interface.obj
D:\文档\学习\大四上 2014-2015秋\软件工程\大作业_POPTA\POPTA2014\POPTA\POPTA\Debug\main.obj
D:\文档\学习\大四上 2014-2015秋\软件工程\大作业_POPTA\POPTA2014\POPTA\POPTA\Debug\Map.obj
D:\文档\学习\大四上 2014-2015秋\软件工程\大作业_POPTA\POPTA2014\POPTA\POPTA\Debug\Monster.obj
D:\文档\学习\大四上 2014-2015秋\软件工程\大作业_POPTA\POPTA2014\POPTA\POPTA\Debug\cl.command.1.tlog
D:\文档\学习\大四上 2014-2015秋\软件工程\大作业_POPTA\POPTA2014\POPTA\POPTA\Debug\CL.read.1.tlog
D:\文档\学习\大四上 2014-2015秋\软件工程\大作业_POPTA\POPTA2014\POPTA\POPTA\Debug\CL.write.1.tlog
D:\文档\学习\大四上 2014-2015秋\软件工程\大作业_POPTA\POPTA2014\POPTA\POPTA\Debug\link-cvtres.read.1.tlog
D:\文档\学习\大四上 2014-2015秋\软件工程\大作业_POPTA\POPTA2014\POPTA\POPTA\Debug\link-cvtres.write.1.tlog
D:\文档\学习\大四上 2014-2015秋\软件工程\大作业_POPTA\POPTA2014\POPTA\POPTA\Debug\link-rc.read.1.tlog
D:\文档\学习\大四上 2014-2015秋\软件工程\大作业_POPTA\POPTA2014\POPTA\POPTA\Debug\link-rc.write.1.tlog
D:\文档\学习\大四上 2014-2015秋\软件工程\大作业_POPTA\POPTA2014\POPTA\POPTA\Debug\link.2644-cvtres.read.1.tlog
D:\文档\学习\大四上 2014-2015秋\软件工程\大作业_POPTA\POPTA2014\POPTA\POPTA\Debug\link.2644-cvtres.write.1.tlog
D:\文档\学习\大四上 2014-2015秋\软件工程\大作业_POPTA\POPTA2014\POPTA\POPTA\Debug\link.2644-rc.read.1.tlog
D:\文档\学习\大四上 2014-2015秋\软件工程\大作业_POPTA\POPTA2014\POPTA\POPTA\Debug\link.2644-rc.write.1.tlog
D:\文档\学习\大四上 2014-2015秋\软件工程\大作业_POPTA\POPTA2014\POPTA\POPTA\Debug\link.2644.read.1.tlog
D:\文档\学习\大四上 2014-2015秋\软件工程\大作业_POPTA\POPTA2014\POPTA\POPTA\Debug\link.2644.write.1.tlog
D:\文档\学习\大四上 2014-2015秋\软件工程\大作业_POPTA\POPTA2014\POPTA\POPTA\Debug\link.2816-cvtres.read.1.tlog
D:\文档\学习\大四上 2014-2015秋\软件工程\大作业_POPTA\POPTA2014\POPTA\POPTA\Debug\link.2816-cvtres.write.1.tlog
D:\文档\学习\大四上 2014-2015秋\软件工程\大作业_POPTA\POPTA2014\POPTA\POPTA\Debug\link.2816-rc.read.1.tlog
D:\文档\学习\大四上 2014-2015秋\软件工程\大作业_POPTA\POPTA2014\POPTA\POPTA\Debug\link.2816-rc.write.1.tlog
D:\文档\学习\大四上 2014-2015秋\软件工程\大作业_POPTA\POPTA2014\POPTA\POPTA\Debug\link.2816.read.1.tlog
D:\文档\学习\大四上 2014-2015秋\软件工程\大作业_POPTA\POPTA2014\POPTA\POPTA\Debug\link.2816.write.1.tlog
D:\文档\学习\大四上 2014-2015秋\软件工程\大作业_POPTA\POPTA2014\POPTA\POPTA\Debug\link.3444-cvtres.read.1.tlog
D:\文档\学习\大四上 2014-2015秋\软件工程\大作业_POPTA\POPTA2014\POPTA\POPTA\Debug\link.3444-cvtres.write.1.tlog
D:\文档\学习\大四上 2014-2015秋\软件工程\大作业_POPTA\POPTA2014\POPTA\POPTA\Debug\link.3444-rc.read.1.tlog
D:\文档\学习\大四上 2014-2015秋\软件工程\大作业_POPTA\POPTA2014\POPTA\POPTA\Debug\link.3444-rc.write.1.tlog
D:\文档\学习\大四上 2014-2015秋\软件工程\大作业_POPTA\POPTA2014\POPTA\POPTA\Debug\link.3444.read.1.tlog
D:\文档\学习\大四上 2014-2015秋\软件工程\大作业_POPTA\POPTA2014\POPTA\POPTA\Debug\link.3444.write.1.tlog
D:\文档\学习\大四上 2014-2015秋\软件工程\大作业_POPTA\POPTA2014\POPTA\POPTA\Debug\link.3716-cvtres.read.1.tlog
D:\文档\学习\大四上 2014-2015秋\软件工程\大作业_POPTA\POPTA2014\POPTA\POPTA\Debug\link.3716-cvtres.write.1.tlog
D:\文档\学习\大四上 2014-2015秋\软件工程\大作业_POPTA\POPTA2014\POPTA\POPTA\Debug\link.3716-rc.read.1.tlog
D:\文档\学习\大四上 2014-2015秋\软件工程\大作业_POPTA\POPTA2014\POPTA\POPTA\Debug\link.3716-rc.write.1.tlog
D:\文档\学习\大四上 2014-2015秋\软件工程\大作业_POPTA\POPTA2014\POPTA\POPTA\Debug\link.3716.read.1.tlog
D:\文档\学习\大四上 2014-2015秋\软件工程\大作业_POPTA\POPTA2014\POPTA\POPTA\Debug\link.3716.write.1.tlog
D:\文档\学习\大四上 2014-2015秋\软件工程\大作业_POPTA\POPTA2014\POPTA\POPTA\Debug\link.3740-cvtres.read.1.tlog
D:\文档\学习\大四上 2014-2015秋\软件工程\大作业_POPTA\POPTA2014\POPTA\POPTA\Debug\link.3740-cvtres.write.1.tlog
D:\文档\学习\大四上 2014-2015秋\软件工程\大作业_POPTA\POPTA2014\POPTA\POPTA\Debug\link.3740-rc.read.1.tlog
D:\文档\学习\大四上 2014-2015秋\软件工程\大作业_POPTA\POPTA2014\POPTA\POPTA\Debug\link.3740-rc.write.1.tlog
D:\文档\学习\大四上 2014-2015秋\软件工程\大作业_POPTA\POPTA2014\POPTA\POPTA\Debug\link.3740.read.1.tlog
D:\文档\学习\大四上 2014-2015秋\软件工程\大作业_POPTA\POPTA2014\POPTA\POPTA\Debug\link.3740.write.1.tlog
D:\文档\学习\大四上 2014-2015秋\软件工程\大作业_POPTA\POPTA2014\POPTA\POPTA\Debug\link.3788-cvtres.read.1.tlog
D:\文档\学习\大四上 2014-2015秋\软件工程\大作业_POPTA\POPTA2014\POPTA\POPTA\Debug\link.3788-cvtres.write.1.tlog
D:\文档\学习\大四上 2014-2015秋\软件工程\大作业_POPTA\POPTA2014\POPTA\POPTA\Debug\link.3788-rc.read.1.tlog
D:\文档\学习\大四上 2014-2015秋\软件工程\大作业_POPTA\POPTA2014\POPTA\POPTA\Debug\link.3788-rc.write.1.tlog
D:\文档\学习\大四上 2014-2015秋\软件工程\大作业_POPTA\POPTA2014\POPTA\POPTA\Debug\link.3788.read.1.tlog
D:\文档\学习\大四上 2014-2015秋\软件工程\大作业_POPTA\POPTA2014\POPTA\POPTA\Debug\link.3788.write.1.tlog
D:\文档\学习\大四上 2014-2015秋\软件工程\大作业_POPTA\POPTA2014\POPTA\POPTA\Debug\link.4940-cvtres.read.1.tlog
D:\文档\学习\大四上 2014-2015秋\软件工程\大作业_POPTA\POPTA2014\POPTA\POPTA\Debug\link.4940-cvtres.write.1.tlog
D:\文档\学习\大四上 2014-2015秋\软件工程\大作业_POPTA\POPTA2014\POPTA\POPTA\Debug\link.4940-rc.read.1.tlog
D:\文档\学习\大四上 2014-2015秋\软件工程\大作业_POPTA\POPTA2014\POPTA\POPTA\Debug\link.4940-rc.write.1.tlog
D:\文档\学习\大四上 2014-2015秋\软件工程\大作业_POPTA\POPTA2014\POPTA\POPTA\Debug\link.4940.read.1.tlog
D:\文档\学习\大四上 2014-2015秋\软件工程\大作业_POPTA\POPTA2014\POPTA\POPTA\Debug\link.4940.write.1.tlog
D:\文档\学习\大四上 2014-2015秋\软件工程\大作业_POPTA\POPTA2014\POPTA\POPTA\Debug\link.5008-cvtres.read.1.tlog
D:\文档\学习\大四上 2014-2015秋\软件工程\大作业_POPTA\POPTA2014\POPTA\POPTA\Debug\link.5008-cvtres.write.1.tlog
D:\文档\学习\大四上 2014-2015秋\软件工程\大作业_POPTA\POPTA2014\POPTA\POPTA\Debug\link.5008-rc.read.1.tlog
D:\文档\学习\大四上 2014-2015秋\软件工程\大作业_POPTA\POPTA2014\POPTA\POPTA\Debug\link.5008-rc.write.1.tlog
D:\文档\学习\大四上 2014-2015秋\软件工程\大作业_POPTA\POPTA2014\POPTA\POPTA\Debug\link.5008.read.1.tlog
D:\文档\学习\大四上 2014-2015秋\软件工程\大作业_POPTA\POPTA2014\POPTA\POPTA\Debug\link.5008.write.1.tlog
D:\文档\学习\大四上 2014-2015秋\软件工程\大作业_POPTA\POPTA2014\POPTA\POPTA\Debug\link.5072-cvtres.read.1.tlog
D:\文档\学习\大四上 2014-2015秋\软件工程\大作业_POPTA\POPTA2014\POPTA\POPTA\Debug\link.5072-cvtres.write.1.tlog
D:\文档\学习\大四上 2014-2015秋\软件工程\大作业_POPTA\POPTA2014\POPTA\POPTA\Debug\link.5072-rc.read.1.tlog
D:\文档\学习\大四上 2014-2015秋\软件工程\大作业_POPTA\POPTA2014\POPTA\POPTA\Debug\link.5072-rc.write.1.tlog
D:\文档\学习\大四上 2014-2015秋\软件工程\大作业_POPTA\POPTA2014\POPTA\POPTA\Debug\link.5072.read.1.tlog
D:\文档\学习\大四上 2014-2015秋\软件工程\大作业_POPTA\POPTA2014\POPTA\POPTA\Debug\link.5072.write.1.tlog
D:\文档\学习\大四上 2014-2015秋\软件工程\大作业_POPTA\POPTA2014\POPTA\POPTA\Debug\link.5148-cvtres.read.1.tlog
D:\文档\学习\大四上 2014-2015秋\软件工程\大作业_POPTA\POPTA2014\POPTA\POPTA\Debug\link.5148-cvtres.write.1.tlog
D:\文档\学习\大四上 2014-2015秋\软件工程\大作业_POPTA\POPTA2014\POPTA\POPTA\Debug\link.5148-rc.read.1.tlog
D:\文档\学习\大四上 2014-2015秋\软件工程\大作业_POPTA\POPTA2014\POPTA\POPTA\Debug\link.5148-rc.write.1.tlog
D:\文档\学习\大四上 2014-2015秋\软件工程\大作业_POPTA\POPTA2014\POPTA\POPTA\Debug\link.5148.read.1.tlog
D:\文档\学习\大四上 2014-2015秋\软件工程\大作业_POPTA\POPTA2014\POPTA\POPTA\Debug\link.5148.write.1.tlog
D:\文档\学习\大四上 2014-2015秋\软件工程\大作业_POPTA\POPTA2014\POPTA\POPTA\Debug\link.6556-cvtres.read.1.tlog
D:\文档\学习\大四上 2014-2015秋\软件工程\大作业_POPTA\POPTA2014\POPTA\POPTA\Debug\link.6556-cvtres.write.1.tlog
D:\文档\学习\大四上 2014-2015秋\软件工程\大作业_POPTA\POPTA2014\POPTA\POPTA\Debug\link.6556-rc.read.1.tlog
D:\文档\学习\大四上 2014-2015秋\软件工程\大作业_POPTA\POPTA2014\POPTA\POPTA\Debug\link.6556-rc.write.1.tlog
D:\文档\学习\大四上 2014-2015秋\软件工程\大作业_POPTA\POPTA2014\POPTA\POPTA\Debug\link.6556.read.1.tlog
D:\文档\学习\大四上 2014-2015秋\软件工程\大作业_POPTA\POPTA2014\POPTA\POPTA\Debug\link.6556.write.1.tlog
D:\文档\学习\大四上 2014-2015秋\软件工程\大作业_POPTA\POPTA2014\POPTA\POPTA\Debug\link.7120-cvtres.read.1.tlog
D:\文档\学习\大四上 2014-2015秋\软件工程\大作业_POPTA\POPTA2014\POPTA\POPTA\Debug\link.7120-cvtres.write.1.tlog
D:\文档\学习\大四上 2014-2015秋\软件工程\大作业_POPTA\POPTA2014\POPTA\POPTA\Debug\link.7120-rc.read.1.tlog
D:\文档\学习\大四上 2014-2015秋\软件工程\大作业_POPTA\POPTA2014\POPTA\POPTA\Debug\link.7120-rc.write.1.tlog
D:\文档\学习\大四上 2014-2015秋\软件工程\大作业_POPTA\POPTA2014\POPTA\POPTA\Debug\link.7120.read.1.tlog
D:\文档\学习\大四上 2014-2015秋\软件工程\大作业_POPTA\POPTA2014\POPTA\POPTA\Debug\link.7120.write.1.tlog
D:\文档\学习\大四上 2014-2015秋\软件工程\大作业_POPTA\POPTA2014\POPTA\POPTA\Debug\link.8364-cvtres.read.1.tlog
D:\文档\学习\大四上 2014-2015秋\软件工程\大作业_POPTA\POPTA2014\POPTA\POPTA\Debug\link.8364-cvtres.write.1.tlog
D:\文档\学习\大四上 2014-2015秋\软件工程\大作业_POPTA\POPTA2014\POPTA\POPTA\Debug\link.8364-rc.read.1.tlog
D:\文档\学习\大四上 2014-2015秋\软件工程\大作业_POPTA\POPTA2014\POPTA\POPTA\Debug\link.8364-rc.write.1.tlog
D:\文档\学习\大四上 2014-2015秋\软件工程\大作业_POPTA\POPTA2014\POPTA\POPTA\Debug\link.8364.read.1.tlog
D:\文档\学习\大四上 2014-2015秋\软件工程\大作业_POPTA\POPTA2014\POPTA\POPTA\Debug\link.8364.write.1.tlog
D:\文档\学习\大四上 2014-2015秋\软件工程\大作业_POPTA\POPTA2014\POPTA\POPTA\Debug\link.8440-cvtres.read.1.tlog
D:\文档\学习\大四上 2014-2015秋\软件工程\大作业_POPTA\POPTA2014\POPTA\POPTA\Debug\link.8440-cvtres.write.1.tlog
D:\文档\学习\大四上 2014-2015秋\软件工程\大作业_POPTA\POPTA2014\POPTA\POPTA\Debug\link.8440-rc.read.1.tlog
D:\文档\学习\大四上 2014-2015秋\软件工程\大作业_POPTA\POPTA2014\POPTA\POPTA\Debug\link.8440-rc.write.1.tlog
D:\文档\学习\大四上 2014-2015秋\软件工程\大作业_POPTA\POPTA2014\POPTA\POPTA\Debug\link.8440.read.1.tlog
D:\文档\学习\大四上 2014-2015秋\软件工程\大作业_POPTA\POPTA2014\POPTA\POPTA\Debug\link.8440.write.1.tlog
D:\文档\学习\大四上 2014-2015秋\软件工程\大作业_POPTA\POPTA2014\POPTA\POPTA\Debug\link.860-cvtres.read.1.tlog
D:\文档\学习\大四上 2014-2015秋\软件工程\大作业_POPTA\POPTA2014\POPTA\POPTA\Debug\link.860-cvtres.write.1.tlog
D:\文档\学习\大四上 2014-2015秋\软件工程\大作业_POPTA\POPTA2014\POPTA\POPTA\Debug\link.860-rc.read.1.tlog
D:\文档\学习\大四上 2014-2015秋\软件工程\大作业_POPTA\POPTA2014\POPTA\POPTA\Debug\link.860-rc.write.1.tlog
D:\文档\学习\大四上 2014-2015秋\软件工程\大作业_POPTA\POPTA2014\POPTA\POPTA\Debug\link.860.read.1.tlog
D:\文档\学习\大四上 2014-2015秋\软件工程\大作业_POPTA\POPTA2014\POPTA\POPTA\Debug\link.860.write.1.tlog
D:\文档\学习\大四上 2014-2015秋\软件工程\大作业_POPTA\POPTA2014\POPTA\POPTA\Debug\link.command.1.tlog
D:\文档\学习\大四上 2014-2015秋\软件工程\大作业_POPTA\POPTA2014\POPTA\POPTA\Debug\link.read.1.tlog
D:\文档\学习\大四上 2014-2015秋\软件工程\大作业_POPTA\POPTA2014\POPTA\POPTA\Debug\link.write.1.tlog
D:\文档\学习\大四上 2014-2015秋\软件工程\大作业_POPTA\POPTA2014\POPTA\POPTA\Debug\vc110.idb
D:\文档\学习\大四上 2014-2015秋\软件工程\大作业_POPTA\POPTA2014\POPTA\POPTA\Debug\vc110.pdb
D:\文档\学习\大四上 2014-2015秋\软件工程\大作业_POPTA\POPTA2014\POPTA\Debug\POPTA.pdb
D:\文档\学习\大四上 2014-2015秋\软件工程\大作业_POPTA\POPTA2014\POPTA\Debug\POPTA.exe
D:\文档\学习\大四上 2014-2015秋\软件工程\大作业_POPTA\POPTA2014\POPTA\Debug\POPTA.ilk
