C:\USERS\JUNXU\DESKTOP\泡泡堂工程\泡泡堂测试\泡泡堂测试\DEBUG\POPTA.OBJ
C:\USERS\JUNXU\DESKTOP\泡泡堂工程\泡泡堂测试\泡泡堂测试\DEBUG\MAP.OBJ
C:\USERS\JUNXU\DESKTOP\泡泡堂工程\泡泡堂测试\泡泡堂测试\DEBUG\VC110.PDB
C:\USERS\JUNXU\DESKTOP\泡泡堂工程\泡泡堂测试\泡泡堂测试\DEBUG\PERSON.OBJ
D:\SOFTWARE-ENGINEERING FOR GITHUB\SOFTWARE-ENGINEERING\POPTA\泡泡堂测试\DEBUG\MAP.OBJ
D:\SOFTWARE-ENGINEERING FOR GITHUB\SOFTWARE-ENGINEERING\POPTA\泡泡堂测试\DEBUG\PERSON.OBJ
D:\SOFTWARE-ENGINEERING FOR GITHUB\SOFTWARE-ENGINEERING\POPTA\泡泡堂测试\DEBUG\POPTA.OBJ
D:\SOFTWARE-ENGINEERING FOR GITHUB\SOFTWARE-ENGINEERING\POPTA\泡泡堂测试\DEBUG\VC110.PDB
D:\SE GROUP\POPTA\POPTA\泡泡堂测试\DEBUG\MAP.OBJ
D:\SE GROUP\POPTA\POPTA\泡泡堂测试\DEBUG\PERSON.OBJ
D:\SE GROUP\POPTA\POPTA\泡泡堂测试\DEBUG\VC110.PDB
D:\SE GROUP\POPTA\POPTA\泡泡堂测试\DEBUG\POPTA.OBJ
C:\USERS\JUNXU\DESKTOP\泡泡堂工程\泡泡堂测试\DEBUG\泡泡堂测试.ILK
C:\USERS\JUNXU\DESKTOP\泡泡堂工程\泡泡堂测试\DEBUG\泡泡堂测试.EXE
C:\USERS\JUNXU\DESKTOP\泡泡堂工程\泡泡堂测试\DEBUG\泡泡堂测试.PDB
D:\SOFTWARE-ENGINEERING FOR GITHUB\SOFTWARE-ENGINEERING\POPTA\DEBUG\泡泡堂测试.ILK
D:\SOFTWARE-ENGINEERING FOR GITHUB\SOFTWARE-ENGINEERING\POPTA\DEBUG\泡泡堂测试.EXE
D:\SOFTWARE-ENGINEERING FOR GITHUB\SOFTWARE-ENGINEERING\POPTA\DEBUG\泡泡堂测试.PDB
D:\SE GROUP\POPTA\POPTA\DEBUG\泡泡堂测试.ILK
D:\SE GROUP\POPTA\POPTA\DEBUG\泡泡堂测试.EXE
D:\SE GROUP\POPTA\POPTA\DEBUG\泡泡堂测试.PDB
D:\SE group\POPTA\POPTA\泡泡堂测试\Debug\map.obj
D:\SE group\POPTA\POPTA\泡泡堂测试\Debug\person.obj
D:\SE group\POPTA\POPTA\泡泡堂测试\Debug\popta.obj
D:\SE group\POPTA\POPTA\泡泡堂测试\Debug\cl.command.1.tlog
D:\SE group\POPTA\POPTA\泡泡堂测试\Debug\CL.read.1.tlog
D:\SE group\POPTA\POPTA\泡泡堂测试\Debug\CL.write.1.tlog
D:\SE group\POPTA\POPTA\泡泡堂测试\Debug\link-cvtres.read.1.tlog
D:\SE group\POPTA\POPTA\泡泡堂测试\Debug\link-cvtres.write.1.tlog
D:\SE group\POPTA\POPTA\泡泡堂测试\Debug\link-rc.read.1.tlog
D:\SE group\POPTA\POPTA\泡泡堂测试\Debug\link-rc.write.1.tlog
D:\SE group\POPTA\POPTA\泡泡堂测试\Debug\link.6524-cvtres.read.1.tlog
D:\SE group\POPTA\POPTA\泡泡堂测试\Debug\link.6524-cvtres.write.1.tlog
D:\SE group\POPTA\POPTA\泡泡堂测试\Debug\link.6524-rc.read.1.tlog
D:\SE group\POPTA\POPTA\泡泡堂测试\Debug\link.6524-rc.write.1.tlog
D:\SE group\POPTA\POPTA\泡泡堂测试\Debug\link.6524.read.1.tlog
D:\SE group\POPTA\POPTA\泡泡堂测试\Debug\link.6524.write.1.tlog
D:\SE group\POPTA\POPTA\泡泡堂测试\Debug\link.9756-cvtres.read.1.tlog
D:\SE group\POPTA\POPTA\泡泡堂测试\Debug\link.9756-cvtres.write.1.tlog
D:\SE group\POPTA\POPTA\泡泡堂测试\Debug\link.9756-rc.read.1.tlog
D:\SE group\POPTA\POPTA\泡泡堂测试\Debug\link.9756-rc.write.1.tlog
D:\SE group\POPTA\POPTA\泡泡堂测试\Debug\link.9756.read.1.tlog
D:\SE group\POPTA\POPTA\泡泡堂测试\Debug\link.9756.write.1.tlog
D:\SE group\POPTA\POPTA\泡泡堂测试\Debug\link.command.1.tlog
D:\SE group\POPTA\POPTA\泡泡堂测试\Debug\link.read.1.tlog
D:\SE group\POPTA\POPTA\泡泡堂测试\Debug\link.write.1.tlog
D:\SE group\POPTA\POPTA\泡泡堂测试\Debug\vc110.idb
D:\SE group\POPTA\POPTA\泡泡堂测试\Debug\vc110.pdb
D:\SE group\POPTA\POPTA\Debug\泡泡堂测试.pdb
D:\SE group\POPTA\POPTA\Debug\泡泡堂测试.exe
D:\SE group\POPTA\POPTA\Debug\泡泡堂测试.ilk
