G:\DESK\大四（上）\软件工程\WORK\POPTANEW\POPTA\DEBUG\INTERFACE.OBJ
G:\DESK\大四（上）\软件工程\WORK\POPTANEW\POPTA\DEBUG\MONSTER.OBJ
G:\DESK\大四（上）\软件工程\WORK\POPTANEW\POPTA\DEBUG\VC110.PDB
G:\DESK\大四（上）\软件工程\WORK\POPTANEW\POPTA\DEBUG\GAME.OBJ
G:\DESK\大四（上）\软件工程\WORK\POPTANEW\POPTA\DEBUG\BOOM.OBJ
G:\DESK\大四（上）\软件工程\WORK\POPTANEW\POPTA\DEBUG\HERO.OBJ
G:\DESK\大四（上）\软件工程\WORK\POPTANEW\POPTA\DEBUG\MAP.OBJ
G:\DESK\大四（上）\软件工程\WORK\POPTANEW\POPTA\DEBUG\MAIN.OBJ
G:\DESK\大四（上）\软件工程\WORK\POPTANEW\DEBUG\POPTA.ILK
G:\DESK\大四（上）\软件工程\WORK\POPTANEW\DEBUG\POPTA.EXE
G:\DESK\大四（上）\软件工程\WORK\POPTANEW\DEBUG\POPTA.PDB
G:\desk\大四（上）\软件工程\work\POPTAnew\POPTA\Debug\Boom.obj
G:\desk\大四（上）\软件工程\work\POPTAnew\POPTA\Debug\Game.obj
G:\desk\大四（上）\软件工程\work\POPTAnew\POPTA\Debug\Hero.obj
G:\desk\大四（上）\软件工程\work\POPTAnew\POPTA\Debug\Interface.obj
G:\desk\大四（上）\软件工程\work\POPTAnew\POPTA\Debug\main.obj
G:\desk\大四（上）\软件工程\work\POPTAnew\POPTA\Debug\Map.obj
G:\desk\大四（上）\软件工程\work\POPTAnew\POPTA\Debug\Monster.obj
G:\desk\大四（上）\软件工程\work\POPTAnew\POPTA\Debug\cl.command.1.tlog
G:\desk\大四（上）\软件工程\work\POPTAnew\POPTA\Debug\CL.read.1.tlog
G:\desk\大四（上）\软件工程\work\POPTAnew\POPTA\Debug\CL.write.1.tlog
G:\desk\大四（上）\软件工程\work\POPTAnew\POPTA\Debug\link-cvtres.read.1.tlog
G:\desk\大四（上）\软件工程\work\POPTAnew\POPTA\Debug\link-cvtres.write.1.tlog
G:\desk\大四（上）\软件工程\work\POPTAnew\POPTA\Debug\link-rc.read.1.tlog
G:\desk\大四（上）\软件工程\work\POPTAnew\POPTA\Debug\link-rc.write.1.tlog
G:\desk\大四（上）\软件工程\work\POPTAnew\POPTA\Debug\link.11292-cvtres.read.1.tlog
G:\desk\大四（上）\软件工程\work\POPTAnew\POPTA\Debug\link.11292-cvtres.write.1.tlog
G:\desk\大四（上）\软件工程\work\POPTAnew\POPTA\Debug\link.11292-rc.read.1.tlog
G:\desk\大四（上）\软件工程\work\POPTAnew\POPTA\Debug\link.11292-rc.write.1.tlog
G:\desk\大四（上）\软件工程\work\POPTAnew\POPTA\Debug\link.11292.read.1.tlog
G:\desk\大四（上）\软件工程\work\POPTAnew\POPTA\Debug\link.11292.write.1.tlog
G:\desk\大四（上）\软件工程\work\POPTAnew\POPTA\Debug\link.12772-cvtres.read.1.tlog
G:\desk\大四（上）\软件工程\work\POPTAnew\POPTA\Debug\link.12772-cvtres.write.1.tlog
G:\desk\大四（上）\软件工程\work\POPTAnew\POPTA\Debug\link.12772-rc.read.1.tlog
G:\desk\大四（上）\软件工程\work\POPTAnew\POPTA\Debug\link.12772-rc.write.1.tlog
G:\desk\大四（上）\软件工程\work\POPTAnew\POPTA\Debug\link.12772.read.1.tlog
G:\desk\大四（上）\软件工程\work\POPTAnew\POPTA\Debug\link.12772.write.1.tlog
G:\desk\大四（上）\软件工程\work\POPTAnew\POPTA\Debug\link.1584-cvtres.read.1.tlog
G:\desk\大四（上）\软件工程\work\POPTAnew\POPTA\Debug\link.1584-cvtres.write.1.tlog
G:\desk\大四（上）\软件工程\work\POPTAnew\POPTA\Debug\link.1584-rc.read.1.tlog
G:\desk\大四（上）\软件工程\work\POPTAnew\POPTA\Debug\link.1584-rc.write.1.tlog
G:\desk\大四（上）\软件工程\work\POPTAnew\POPTA\Debug\link.1584.read.1.tlog
G:\desk\大四（上）\软件工程\work\POPTAnew\POPTA\Debug\link.1584.write.1.tlog
G:\desk\大四（上）\软件工程\work\POPTAnew\POPTA\Debug\link.2196-cvtres.read.1.tlog
G:\desk\大四（上）\软件工程\work\POPTAnew\POPTA\Debug\link.2196-cvtres.write.1.tlog
G:\desk\大四（上）\软件工程\work\POPTAnew\POPTA\Debug\link.2196-rc.read.1.tlog
G:\desk\大四（上）\软件工程\work\POPTAnew\POPTA\Debug\link.2196-rc.write.1.tlog
G:\desk\大四（上）\软件工程\work\POPTAnew\POPTA\Debug\link.2196.read.1.tlog
G:\desk\大四（上）\软件工程\work\POPTAnew\POPTA\Debug\link.2196.write.1.tlog
G:\desk\大四（上）\软件工程\work\POPTAnew\POPTA\Debug\link.2224-cvtres.read.1.tlog
G:\desk\大四（上）\软件工程\work\POPTAnew\POPTA\Debug\link.2224-cvtres.write.1.tlog
G:\desk\大四（上）\软件工程\work\POPTAnew\POPTA\Debug\link.2224-rc.read.1.tlog
G:\desk\大四（上）\软件工程\work\POPTAnew\POPTA\Debug\link.2224-rc.write.1.tlog
G:\desk\大四（上）\软件工程\work\POPTAnew\POPTA\Debug\link.2224.read.1.tlog
G:\desk\大四（上）\软件工程\work\POPTAnew\POPTA\Debug\link.2224.write.1.tlog
G:\desk\大四（上）\软件工程\work\POPTAnew\POPTA\Debug\link.2768-cvtres.read.1.tlog
G:\desk\大四（上）\软件工程\work\POPTAnew\POPTA\Debug\link.2768-cvtres.write.1.tlog
G:\desk\大四（上）\软件工程\work\POPTAnew\POPTA\Debug\link.2768-rc.read.1.tlog
G:\desk\大四（上）\软件工程\work\POPTAnew\POPTA\Debug\link.2768-rc.write.1.tlog
G:\desk\大四（上）\软件工程\work\POPTAnew\POPTA\Debug\link.2768.read.1.tlog
G:\desk\大四（上）\软件工程\work\POPTAnew\POPTA\Debug\link.2768.write.1.tlog
G:\desk\大四（上）\软件工程\work\POPTAnew\POPTA\Debug\link.4020-cvtres.read.1.tlog
G:\desk\大四（上）\软件工程\work\POPTAnew\POPTA\Debug\link.4020-cvtres.write.1.tlog
G:\desk\大四（上）\软件工程\work\POPTAnew\POPTA\Debug\link.4020-rc.read.1.tlog
G:\desk\大四（上）\软件工程\work\POPTAnew\POPTA\Debug\link.4020-rc.write.1.tlog
G:\desk\大四（上）\软件工程\work\POPTAnew\POPTA\Debug\link.4020.read.1.tlog
G:\desk\大四（上）\软件工程\work\POPTAnew\POPTA\Debug\link.4020.write.1.tlog
G:\desk\大四（上）\软件工程\work\POPTAnew\POPTA\Debug\link.4296-cvtres.read.1.tlog
G:\desk\大四（上）\软件工程\work\POPTAnew\POPTA\Debug\link.4296-cvtres.write.1.tlog
G:\desk\大四（上）\软件工程\work\POPTAnew\POPTA\Debug\link.4296-rc.read.1.tlog
G:\desk\大四（上）\软件工程\work\POPTAnew\POPTA\Debug\link.4296-rc.write.1.tlog
G:\desk\大四（上）\软件工程\work\POPTAnew\POPTA\Debug\link.4296.read.1.tlog
G:\desk\大四（上）\软件工程\work\POPTAnew\POPTA\Debug\link.4296.write.1.tlog
G:\desk\大四（上）\软件工程\work\POPTAnew\POPTA\Debug\link.4488-cvtres.read.1.tlog
G:\desk\大四（上）\软件工程\work\POPTAnew\POPTA\Debug\link.4488-cvtres.write.1.tlog
G:\desk\大四（上）\软件工程\work\POPTAnew\POPTA\Debug\link.4488-rc.read.1.tlog
G:\desk\大四（上）\软件工程\work\POPTAnew\POPTA\Debug\link.4488-rc.write.1.tlog
G:\desk\大四（上）\软件工程\work\POPTAnew\POPTA\Debug\link.4488.read.1.tlog
G:\desk\大四（上）\软件工程\work\POPTAnew\POPTA\Debug\link.4488.write.1.tlog
G:\desk\大四（上）\软件工程\work\POPTAnew\POPTA\Debug\link.4512-cvtres.read.1.tlog
G:\desk\大四（上）\软件工程\work\POPTAnew\POPTA\Debug\link.4512-cvtres.write.1.tlog
G:\desk\大四（上）\软件工程\work\POPTAnew\POPTA\Debug\link.4512-rc.read.1.tlog
G:\desk\大四（上）\软件工程\work\POPTAnew\POPTA\Debug\link.4512-rc.write.1.tlog
G:\desk\大四（上）\软件工程\work\POPTAnew\POPTA\Debug\link.4512.read.1.tlog
G:\desk\大四（上）\软件工程\work\POPTAnew\POPTA\Debug\link.4512.write.1.tlog
G:\desk\大四（上）\软件工程\work\POPTAnew\POPTA\Debug\link.5696-cvtres.read.1.tlog
G:\desk\大四（上）\软件工程\work\POPTAnew\POPTA\Debug\link.5696-cvtres.write.1.tlog
G:\desk\大四（上）\软件工程\work\POPTAnew\POPTA\Debug\link.5696-rc.read.1.tlog
G:\desk\大四（上）\软件工程\work\POPTAnew\POPTA\Debug\link.5696-rc.write.1.tlog
G:\desk\大四（上）\软件工程\work\POPTAnew\POPTA\Debug\link.5696.read.1.tlog
G:\desk\大四（上）\软件工程\work\POPTAnew\POPTA\Debug\link.5696.write.1.tlog
G:\desk\大四（上）\软件工程\work\POPTAnew\POPTA\Debug\link.5732-cvtres.read.1.tlog
G:\desk\大四（上）\软件工程\work\POPTAnew\POPTA\Debug\link.5732-cvtres.write.1.tlog
G:\desk\大四（上）\软件工程\work\POPTAnew\POPTA\Debug\link.5732-rc.read.1.tlog
G:\desk\大四（上）\软件工程\work\POPTAnew\POPTA\Debug\link.5732-rc.write.1.tlog
G:\desk\大四（上）\软件工程\work\POPTAnew\POPTA\Debug\link.5732.read.1.tlog
G:\desk\大四（上）\软件工程\work\POPTAnew\POPTA\Debug\link.5732.write.1.tlog
G:\desk\大四（上）\软件工程\work\POPTAnew\POPTA\Debug\link.5920-cvtres.read.1.tlog
G:\desk\大四（上）\软件工程\work\POPTAnew\POPTA\Debug\link.5920-cvtres.write.1.tlog
G:\desk\大四（上）\软件工程\work\POPTAnew\POPTA\Debug\link.5920-rc.read.1.tlog
G:\desk\大四（上）\软件工程\work\POPTAnew\POPTA\Debug\link.5920-rc.write.1.tlog
G:\desk\大四（上）\软件工程\work\POPTAnew\POPTA\Debug\link.5920.read.1.tlog
G:\desk\大四（上）\软件工程\work\POPTAnew\POPTA\Debug\link.5920.write.1.tlog
G:\desk\大四（上）\软件工程\work\POPTAnew\POPTA\Debug\link.6032-cvtres.read.1.tlog
G:\desk\大四（上）\软件工程\work\POPTAnew\POPTA\Debug\link.6032-cvtres.write.1.tlog
G:\desk\大四（上）\软件工程\work\POPTAnew\POPTA\Debug\link.6032-rc.read.1.tlog
G:\desk\大四（上）\软件工程\work\POPTAnew\POPTA\Debug\link.6032-rc.write.1.tlog
G:\desk\大四（上）\软件工程\work\POPTAnew\POPTA\Debug\link.6032.read.1.tlog
G:\desk\大四（上）\软件工程\work\POPTAnew\POPTA\Debug\link.6032.write.1.tlog
G:\desk\大四（上）\软件工程\work\POPTAnew\POPTA\Debug\link.6084-cvtres.read.1.tlog
G:\desk\大四（上）\软件工程\work\POPTAnew\POPTA\Debug\link.6084-cvtres.write.1.tlog
G:\desk\大四（上）\软件工程\work\POPTAnew\POPTA\Debug\link.6084-rc.read.1.tlog
G:\desk\大四（上）\软件工程\work\POPTAnew\POPTA\Debug\link.6084-rc.write.1.tlog
G:\desk\大四（上）\软件工程\work\POPTAnew\POPTA\Debug\link.6084.read.1.tlog
G:\desk\大四（上）\软件工程\work\POPTAnew\POPTA\Debug\link.6084.write.1.tlog
G:\desk\大四（上）\软件工程\work\POPTAnew\POPTA\Debug\link.7860-cvtres.read.1.tlog
G:\desk\大四（上）\软件工程\work\POPTAnew\POPTA\Debug\link.7860-cvtres.write.1.tlog
G:\desk\大四（上）\软件工程\work\POPTAnew\POPTA\Debug\link.7860-rc.read.1.tlog
G:\desk\大四（上）\软件工程\work\POPTAnew\POPTA\Debug\link.7860-rc.write.1.tlog
G:\desk\大四（上）\软件工程\work\POPTAnew\POPTA\Debug\link.7860.read.1.tlog
G:\desk\大四（上）\软件工程\work\POPTAnew\POPTA\Debug\link.7860.write.1.tlog
G:\desk\大四（上）\软件工程\work\POPTAnew\POPTA\Debug\link.command.1.tlog
G:\desk\大四（上）\软件工程\work\POPTAnew\POPTA\Debug\link.read.1.tlog
G:\desk\大四（上）\软件工程\work\POPTAnew\POPTA\Debug\link.write.1.tlog
G:\desk\大四（上）\软件工程\work\POPTAnew\POPTA\Debug\vc110.idb
G:\desk\大四（上）\软件工程\work\POPTAnew\POPTA\Debug\vc110.pdb
G:\desk\大四（上）\软件工程\work\POPTAnew\Debug\POPTA.pdb
G:\desk\大四（上）\软件工程\work\POPTAnew\Debug\POPTA.exe
G:\desk\大四（上）\软件工程\work\POPTAnew\Debug\POPTA.ilk
